<?xml version="1.0" encoding="utf-8"?><testsuites name="pytest tests"><testsuite name="pytest" errors="0" failures="0" skipped="0" tests="12" time="2.212" timestamp="2026-07-09T16:09:50.785581+00:00" hostname="agent-env-19db119b-3e55-49d7-9004-cd1789a93ed2"><testcase classname="test_follow_and_users.TestSelfProfileSchema" name="test_get_self_profile_has_new_fields" time="0.186" /><testcase classname="test_follow_and_users.TestOtherUserProfile" name="test_get_other_user_before_follow" time="0.159" /><testcase classname="test_follow_and_users.TestOtherUserProfile" name="test_get_user_404" time="0.164" /><testcase classname="test_follow_and_users.TestFollowersFollowing" name="test_followers_of_priya" time="0.152" /><testcase classname="test_follow_and_users.TestFollowersFollowing" name="test_following_of_priya_empty" time="0.148" /><testcase classname="test_follow_and_users.TestFollowersFollowing" name="test_following_of_rajesh_has_priya" time="0.122" /><testcase classname="test_follow_and_users.TestFollowToggle" name="test_cannot_follow_self" time="0.148" /><testcase classname="test_follow_and_users.TestFollowToggle" name="test_follow_unfollow_anita" time="0.666" /><testcase classname="test_follow_and_users.TestFollowToggle" name="test_follow_nonexistent_user" time="0.101" /><testcase classname="test_follow_and_users.TestUnauthorized" name="test_follow_requires_auth" time="0.119" /><testcase classname="test_follow_and_users.TestUnauthorized" name="test_followers_requires_auth" time="0.104" /><testcase classname="test_follow_and_users.TestSearchUsers" name="test_search_priya" time="0.111" /></testsuite></testsuites>