<?xml version="1.0" encoding="utf-8"?><testsuites name="pytest tests"><testsuite name="pytest" errors="0" failures="0" skipped="0" tests="21" time="2.920" timestamp="2026-07-09T14:52:10.721523+00:00" hostname="agent-env-19db119b-3e55-49d7-9004-cd1789a93ed2"><testcase classname="test_civicreel_api.TestHealth" name="test_root" time="0.347" /><testcase classname="test_civicreel_api.TestCategories" name="test_categories_list" time="0.130" /><testcase classname="test_civicreel_api.TestAuthNegative" name="test_invalid_session_id" time="0.256" /><testcase classname="test_civicreel_api.TestAuthNegative" name="test_me_missing_header" time="0.112" /><testcase classname="test_civicreel_api.TestAuthNegative" name="test_me_invalid_bearer" time="0.133" /><testcase classname="test_civicreel_api.TestAuthMe" name="test_me_with_valid_token" time="0.152" /><testcase classname="test_civicreel_api.TestProfile" name="test_update_profile" time="0.101" /><testcase classname="test_civicreel_api.TestProfile" name="test_username_uniqueness_conflict" time="0.114" /><testcase classname="test_civicreel_api.TestPosts" name="test_create_post" time="0.154" /><testcase classname="test_civicreel_api.TestPosts" name="test_feed_contains_post" time="0.118" /><testcase classname="test_civicreel_api.TestPosts" name="test_like_toggle_on" time="0.107" /><testcase classname="test_civicreel_api.TestPosts" name="test_like_toggle_off" time="0.102" /><testcase classname="test_civicreel_api.TestPosts" name="test_add_comment" time="0.139" /><testcase classname="test_civicreel_api.TestPosts" name="test_list_comments" time="0.113" /><testcase classname="test_civicreel_api.TestPosts" name="test_search_posts_by_category" time="0.137" /><testcase classname="test_civicreel_api.TestPosts" name="test_search_posts_by_text" time="0.111" /><testcase classname="test_civicreel_api.TestUsers" name="test_search_users" time="0.109" /><testcase classname="test_civicreel_api.TestUsers" name="test_get_user_profile" time="0.109" /><testcase classname="test_civicreel_api.TestUsers" name="test_user_posts" time="0.105" /><testcase classname="test_civicreel_api.TestLogoutLast" name="test_zzz_logout" time="0.105" /><testcase classname="test_civicreel_api.TestLogoutLast" name="test_zzz_me_after_logout" time="0.108" /></testsuite></testsuites>